<?xml version="1.0" encoding="UTF-8"?>
<testsuite name="com.omgeo.bdd.AcceptanceTestSuite" time="25.131" tests="15" errors="0" skipped="0" failures="0">
  <properties>
[...]
</properties>
  <testcase name="BeforeStories" classname="java.lang.Object" time="0.016"/>
  <testcase name="Given the user is on the Omgeo home page" classname="com.omgeo.bdd.steps.NavigationSteps" time="7.543"/>
  <testcase name="When the user clicks on the About tab" classname="com.omgeo.bdd.steps.NavigationSteps" time="1.367"/>
  <testcase name="Then the user shall be routed to the About content page" classname="com.omgeo.bdd.steps.NavigationSteps" time="0.603"/>
  <testcase name="Scenario: Navigating to Omgeo About page" classname="Scenario: Navigating to Omgeo About page" time="0.716"/>
  <testcase name="Given the user is on the Omgeo home page​" classname="com.omgeo.bdd.steps.NavigationSteps" time="1.472"/>
  <testcase name="When the user selects ALERT from the dropdown under Find a Product section" classname="com.omgeo.bdd.steps.NavigationSteps" time="1.884"/>
  <testcase name="Then the user shall be routed to Omgeo Alert Page" classname="com.omgeo.bdd.steps.NavigationSteps" time="0.532"/>
  <testcase name="Scenario: Navigating to Omgeo ALERT page" classname="Scenario: Navigating to Omgeo ALERT page" time="0.571"/>
  <testcase name="Given the user is on the Omgeo home page​​" classname="com.omgeo.bdd.steps.NavigationSteps" time="1.021"/>
  <testcase name="When the user clicks on the Leadership Team link" classname="com.omgeo.bdd.steps.NavigationSteps" time="5.279"/>
  <testcase name="Then the user shall be routed to Omgeo Leadership Team page" classname="com.omgeo.bdd.steps.NavigationSteps" time="0.541"/>
  <testcase name="Scenario: Navigating to LeaderShip Team page" classname="Scenario: Navigating to LeaderShip Team page" time="0.574"/>
  <testcase name="Omgeo_Navigation.story" classname="Omgeo_Navigation.story" time="1.328"/>
  <testcase name="AfterStories" classname="java.lang.Object" time="1.684"/>
</testsuite>